2025-11-09 21:57:18,096 - Log file for this run: C:\Users\Harold\Max78000\ai8x-training\logs\2025.11.09-215718\2025.11.09-215718.log
2025-11-09 21:57:22,786 - Optimizer Type: <class 'torch.optim.adam.Adam'>
2025-11-09 21:57:22,786 - Optimizer Args: {'lr': 0.001, 'betas': (0.9, 0.999), 'eps': 1e-08, 'weight_decay': 0.0, 'amsgrad': False}
2025-11-09 21:58:14,614 - Dataset sizes:
	training=9072
	validation=1008
	test=372
2025-11-09 21:58:14,615 - Reading compression schedule from: policies/schedule-rps.yaml
2025-11-09 21:58:14,627 - 

2025-11-09 21:58:14,629 - Training epoch: 9072 samples (256 per mini-batch)
2025-11-09 21:59:28,376 - Epoch: [0][   36/   36]    Overall Loss 0.825751    Objective Loss 0.825751    Top1 85.326087    LR 0.001000    Time 2.048376    
2025-11-09 21:59:29,374 - --- validate (epoch=0)-----------
2025-11-09 21:59:29,375 - 1008 samples (256 per mini-batch)
2025-11-09 21:59:52,163 - Epoch: [0][    4/    4]    Loss 0.427020    Top1 85.416667    
2025-11-09 21:59:53,025 - ==> Top1: 85.417    Loss: 0.427

2025-11-09 21:59:53,026 - ==> Confusion:
[[280  20  28]
 [ 17 277  31]
 [ 18  33 304]]

2025-11-09 21:59:53,152 - ==> Best [Top1: 85.417   Sparsity:0.00   Params: 58800 on epoch: 0]
2025-11-09 21:59:53,153 - Saving checkpoint to: logs\2025.11.09-215718\checkpoint.pth.tar
2025-11-09 21:59:53,190 - 

2025-11-09 21:59:53,191 - Training epoch: 9072 samples (256 per mini-batch)
2025-11-09 22:00:18,455 - Epoch: [1][   36/   36]    Overall Loss 0.266080    Objective Loss 0.266080    Top1 93.206522    LR 0.001000    Time 0.701792    
2025-11-09 22:00:19,153 - --- validate (epoch=1)-----------
2025-11-09 22:00:19,153 - 1008 samples (256 per mini-batch)
2025-11-09 22:00:38,146 - Epoch: [1][    4/    4]    Loss 0.182692    Top1 94.345238    
2025-11-09 22:00:39,169 - ==> Top1: 94.345    Loss: 0.183

2025-11-09 22:00:39,170 - ==> Confusion:
[[304   9  15]
 [  4 318   3]
 [ 11  15 329]]

2025-11-09 22:00:39,242 - ==> Best [Top1: 94.345   Sparsity:0.00   Params: 58800 on epoch: 1]
2025-11-09 22:00:39,243 - Saving checkpoint to: logs\2025.11.09-215718\checkpoint.pth.tar
2025-11-09 22:00:39,281 - 

2025-11-09 22:00:39,281 - Training epoch: 9072 samples (256 per mini-batch)
2025-11-09 22:01:00,859 - Epoch: [2][   36/   36]    Overall Loss 0.168106    Objective Loss 0.168106    Top1 94.836957    LR 0.001000    Time 0.599353    
2025-11-09 22:01:01,511 - --- validate (epoch=2)-----------
2025-11-09 22:01:01,512 - 1008 samples (256 per mini-batch)
2025-11-09 22:01:17,959 - Epoch: [2][    4/    4]    Loss 0.136793    Top1 95.138889    
2025-11-09 22:01:18,866 - ==> Top1: 95.139    Loss: 0.137

2025-11-09 22:01:18,867 - ==> Confusion:
[[318   5   5]
 [  9 310   6]
 [ 18   6 331]]

2025-11-09 22:01:18,938 - ==> Best [Top1: 95.139   Sparsity:0.00   Params: 58800 on epoch: 2]
2025-11-09 22:01:18,939 - Saving checkpoint to: logs\2025.11.09-215718\checkpoint.pth.tar
2025-11-09 22:01:18,976 - 

2025-11-09 22:01:18,977 - Training epoch: 9072 samples (256 per mini-batch)
2025-11-09 22:01:41,067 - Epoch: [3][   36/   36]    Overall Loss 0.102506    Objective Loss 0.102506    Top1 97.282609    LR 0.001000    Time 0.613603    
2025-11-09 22:01:41,797 - --- validate (epoch=3)-----------
2025-11-09 22:01:41,798 - 1008 samples (256 per mini-batch)
2025-11-09 22:01:57,916 - Epoch: [3][    4/    4]    Loss 0.087597    Top1 97.123016    
2025-11-09 22:01:58,883 - ==> Top1: 97.123    Loss: 0.088

2025-11-09 22:01:58,884 - ==> Confusion:
[[315   5   8]
 [  3 320   2]
 [  6   5 344]]

2025-11-09 22:01:58,955 - ==> Best [Top1: 97.123   Sparsity:0.00   Params: 58800 on epoch: 3]
2025-11-09 22:01:58,955 - Saving checkpoint to: logs\2025.11.09-215718\checkpoint.pth.tar
2025-11-09 22:01:58,987 - 

2025-11-09 22:01:58,987 - Training epoch: 9072 samples (256 per mini-batch)
2025-11-09 22:02:20,073 - Epoch: [4][   36/   36]    Overall Loss 0.075564    Objective Loss 0.075564    Top1 97.554348    LR 0.001000    Time 0.585681    
2025-11-09 22:02:20,795 - --- validate (epoch=4)-----------
2025-11-09 22:02:20,795 - 1008 samples (256 per mini-batch)
2025-11-09 22:02:37,284 - Epoch: [4][    4/    4]    Loss 0.069959    Top1 97.420635    
2025-11-09 22:02:38,152 - ==> Top1: 97.421    Loss: 0.070

2025-11-09 22:02:38,153 - ==> Confusion:
[[319   7   2]
 [  3 320   2]
 [  6   6 343]]

2025-11-09 22:02:38,221 - ==> Best [Top1: 97.421   Sparsity:0.00   Params: 58800 on epoch: 4]
2025-11-09 22:02:38,221 - Saving checkpoint to: logs\2025.11.09-215718\checkpoint.pth.tar
2025-11-09 22:02:38,253 - 

2025-11-09 22:02:38,254 - Training epoch: 9072 samples (256 per mini-batch)
2025-11-09 22:02:59,863 - Epoch: [5][   36/   36]    Overall Loss 0.058339    Objective Loss 0.058339    Top1 98.097826    LR 0.001000    Time 0.600228    
2025-11-09 22:03:00,588 - --- validate (epoch=5)-----------
2025-11-09 22:03:00,588 - 1008 samples (256 per mini-batch)
2025-11-09 22:03:19,493 - Epoch: [5][    4/    4]    Loss 0.063076    Top1 97.916667    
2025-11-09 22:03:20,342 - ==> Top1: 97.917    Loss: 0.063

2025-11-09 22:03:20,343 - ==> Confusion:
[[321   4   3]
 [  3 321   1]
 [  4   6 345]]

2025-11-09 22:03:20,413 - ==> Best [Top1: 97.917   Sparsity:0.00   Params: 58800 on epoch: 5]
2025-11-09 22:03:20,413 - Saving checkpoint to: logs\2025.11.09-215718\checkpoint.pth.tar
2025-11-09 22:03:20,454 - 

2025-11-09 22:03:20,454 - Training epoch: 9072 samples (256 per mini-batch)
2025-11-09 22:03:41,987 - Epoch: [6][   36/   36]    Overall Loss 0.041810    Objective Loss 0.041810    Top1 98.641304    LR 0.001000    Time 0.598140    
2025-11-09 22:03:42,637 - --- validate (epoch=6)-----------
2025-11-09 22:03:42,637 - 1008 samples (256 per mini-batch)
2025-11-09 22:03:59,030 - Epoch: [6][    4/    4]    Loss 0.051309    Top1 98.214286    
2025-11-09 22:03:59,880 - ==> Top1: 98.214    Loss: 0.051

2025-11-09 22:03:59,881 - ==> Confusion:
[[320   5   3]
 [  0 324   1]
 [  4   5 346]]

2025-11-09 22:03:59,951 - ==> Best [Top1: 98.214   Sparsity:0.00   Params: 58800 on epoch: 6]
2025-11-09 22:03:59,951 - Saving checkpoint to: logs\2025.11.09-215718\checkpoint.pth.tar
2025-11-09 22:03:59,986 - 

2025-11-09 22:03:59,987 - Training epoch: 9072 samples (256 per mini-batch)
2025-11-09 22:04:23,087 - Epoch: [7][   36/   36]    Overall Loss 0.039475    Objective Loss 0.039475    Top1 98.097826    LR 0.001000    Time 0.641634    
2025-11-09 22:04:23,947 - --- validate (epoch=7)-----------
2025-11-09 22:04:23,947 - 1008 samples (256 per mini-batch)
2025-11-09 22:04:42,616 - Epoch: [7][    4/    4]    Loss 0.077237    Top1 97.123016    
2025-11-09 22:04:43,596 - ==> Top1: 97.123    Loss: 0.077

2025-11-09 22:04:43,597 - ==> Confusion:
[[309   3  16]
 [  0 318   7]
 [  1   2 352]]

2025-11-09 22:04:43,673 - ==> Best [Top1: 98.214   Sparsity:0.00   Params: 58800 on epoch: 6]
2025-11-09 22:04:43,674 - Saving checkpoint to: logs\2025.11.09-215718\checkpoint.pth.tar
2025-11-09 22:04:43,679 - 

2025-11-09 22:04:43,680 - Training epoch: 9072 samples (256 per mini-batch)
2025-11-09 22:05:33,343 - Epoch: [8][   36/   36]    Overall Loss 0.038766    Objective Loss 0.038766    Top1 99.728261    LR 0.001000    Time 1.379419    
2025-11-09 22:05:34,046 - --- validate (epoch=8)-----------
2025-11-09 22:05:34,047 - 1008 samples (256 per mini-batch)
2025-11-09 22:06:02,424 - Epoch: [8][    4/    4]    Loss 0.044420    Top1 98.115079    
2025-11-09 22:06:03,412 - ==> Top1: 98.115    Loss: 0.044

2025-11-09 22:06:03,413 - ==> Confusion:
[[320   6   2]
 [  0 322   3]
 [  5   3 347]]

2025-11-09 22:06:03,486 - ==> Best [Top1: 98.214   Sparsity:0.00   Params: 58800 on epoch: 6]
2025-11-09 22:06:03,486 - Saving checkpoint to: logs\2025.11.09-215718\checkpoint.pth.tar
2025-11-09 22:06:03,491 - 

2025-11-09 22:06:03,491 - Training epoch: 9072 samples (256 per mini-batch)
2025-11-09 22:06:25,757 - Epoch: [9][   36/   36]    Overall Loss 0.023743    Objective Loss 0.023743    Top1 99.184783    LR 0.001000    Time 0.618468    
2025-11-09 22:06:26,480 - --- validate (epoch=9)-----------
2025-11-09 22:06:26,480 - 1008 samples (256 per mini-batch)
2025-11-09 22:06:43,385 - Epoch: [9][    4/    4]    Loss 0.032527    Top1 98.611111    
2025-11-09 22:06:44,356 - ==> Top1: 98.611    Loss: 0.033

2025-11-09 22:06:44,357 - ==> Confusion:
[[323   1   4]
 [  1 321   3]
 [  3   2 350]]

2025-11-09 22:06:44,431 - ==> Best [Top1: 98.611   Sparsity:0.00   Params: 58800 on epoch: 9]
2025-11-09 22:06:44,432 - Saving checkpoint to: logs\2025.11.09-215718\checkpoint.pth.tar
2025-11-09 22:06:44,482 - 

2025-11-09 22:06:44,482 - Training epoch: 9072 samples (256 per mini-batch)
2025-11-09 22:07:06,470 - Epoch: [10][   36/   36]    Overall Loss 0.120254    Objective Loss 0.120254    Top1 96.467391    LR 0.001000    Time 0.610771    
2025-11-09 22:07:07,252 - --- validate (epoch=10)-----------
2025-11-09 22:07:07,253 - 1008 samples (256 per mini-batch)
2025-11-09 22:07:24,122 - Epoch: [10][    4/    4]    Loss 0.172637    Top1 94.345238    
2025-11-09 22:07:25,004 - ==> Top1: 94.345    Loss: 0.173

2025-11-09 22:07:25,005 - ==> Confusion:
[[323   4   1]
 [ 11 309   5]
 [ 31   5 319]]

2025-11-09 22:07:25,074 - ==> Best [Top1: 94.345   Sparsity:0.00   Params: 58800 on epoch: 10]
2025-11-09 22:07:25,075 - Saving checkpoint to: logs\2025.11.09-215718\qat_checkpoint.pth.tar
2025-11-09 22:07:25,108 - 

2025-11-09 22:07:25,108 - Training epoch: 9072 samples (256 per mini-batch)
2025-11-09 22:07:47,232 - Epoch: [11][   36/   36]    Overall Loss 0.053942    Objective Loss 0.053942    Top1 98.641304    LR 0.001000    Time 0.614497    
2025-11-09 22:07:47,876 - --- validate (epoch=11)-----------
2025-11-09 22:07:47,877 - 1008 samples (256 per mini-batch)
2025-11-09 22:08:04,106 - Epoch: [11][    4/    4]    Loss 0.055591    Top1 98.412698    
2025-11-09 22:08:04,933 - ==> Top1: 98.413    Loss: 0.056

2025-11-09 22:08:04,933 - ==> Confusion:
[[320   3   5]
 [  0 322   3]
 [  3   2 350]]

2025-11-09 22:08:05,000 - ==> Best [Top1: 98.413   Sparsity:0.00   Params: 58800 on epoch: 11]
2025-11-09 22:08:05,000 - Saving checkpoint to: logs\2025.11.09-215718\qat_checkpoint.pth.tar
2025-11-09 22:08:05,040 - 

2025-11-09 22:08:05,040 - Training epoch: 9072 samples (256 per mini-batch)
2025-11-09 22:08:28,977 - Epoch: [12][   36/   36]    Overall Loss 0.018498    Objective Loss 0.018498    Top1 99.728261    LR 0.001000    Time 0.664890    
2025-11-09 22:08:29,865 - --- validate (epoch=12)-----------
2025-11-09 22:08:29,865 - 1008 samples (256 per mini-batch)
2025-11-09 22:08:48,864 - Epoch: [12][    4/    4]    Loss 0.048261    Top1 98.809524    
2025-11-09 22:08:49,849 - ==> Top1: 98.810    Loss: 0.048

2025-11-09 22:08:49,850 - ==> Confusion:
[[324   3   1]
 [  0 324   1]
 [  4   3 348]]

2025-11-09 22:08:49,955 - ==> Best [Top1: 98.810   Sparsity:0.00   Params: 58800 on epoch: 12]
2025-11-09 22:08:49,956 - Saving checkpoint to: logs\2025.11.09-215718\qat_checkpoint.pth.tar
2025-11-09 22:08:49,987 - 

2025-11-09 22:08:49,987 - Training epoch: 9072 samples (256 per mini-batch)
2025-11-09 22:09:13,965 - Epoch: [13][   36/   36]    Overall Loss 0.012185    Objective Loss 0.012185    Top1 99.728261    LR 0.001000    Time 0.666036    
2025-11-09 22:09:14,742 - --- validate (epoch=13)-----------
2025-11-09 22:09:14,742 - 1008 samples (256 per mini-batch)
2025-11-09 22:09:33,101 - Epoch: [13][    4/    4]    Loss 0.044234    Top1 98.611111    
2025-11-09 22:09:34,089 - ==> Top1: 98.611    Loss: 0.044

2025-11-09 22:09:34,089 - ==> Confusion:
[[323   2   3]
 [  3 319   3]
 [  3   0 352]]

2025-11-09 22:09:34,169 - ==> Best [Top1: 98.810   Sparsity:0.00   Params: 58800 on epoch: 12]
2025-11-09 22:09:34,169 - Saving checkpoint to: logs\2025.11.09-215718\qat_checkpoint.pth.tar
2025-11-09 22:09:34,176 - 

2025-11-09 22:09:34,176 - Training epoch: 9072 samples (256 per mini-batch)
2025-11-09 22:09:55,724 - Epoch: [14][   36/   36]    Overall Loss 0.006274    Objective Loss 0.006274    Top1 99.456522    LR 0.001000    Time 0.598543    
2025-11-09 22:09:56,331 - --- validate (epoch=14)-----------
2025-11-09 22:09:56,332 - 1008 samples (256 per mini-batch)
2025-11-09 22:10:10,707 - Epoch: [14][    4/    4]    Loss 0.055918    Top1 98.908730    
2025-11-09 22:10:11,487 - ==> Top1: 98.909    Loss: 0.056

2025-11-09 22:10:11,488 - ==> Confusion:
[[325   2   1]
 [  0 324   1]
 [  4   3 348]]

2025-11-09 22:10:11,551 - ==> Best [Top1: 98.909   Sparsity:0.00   Params: 58800 on epoch: 14]
2025-11-09 22:10:11,551 - Saving checkpoint to: logs\2025.11.09-215718\qat_checkpoint.pth.tar
2025-11-09 22:10:11,588 - 

2025-11-09 22:10:11,588 - Training epoch: 9072 samples (256 per mini-batch)
2025-11-09 22:10:31,346 - Epoch: [15][   36/   36]    Overall Loss 0.005141    Objective Loss 0.005141    Top1 100.000000    LR 0.001000    Time 0.548780    
2025-11-09 22:10:31,952 - --- validate (epoch=15)-----------
2025-11-09 22:10:31,953 - 1008 samples (256 per mini-batch)
2025-11-09 22:10:45,924 - Epoch: [15][    4/    4]    Loss 0.041854    Top1 98.611111    
2025-11-09 22:10:46,807 - ==> Top1: 98.611    Loss: 0.042

2025-11-09 22:10:46,807 - ==> Confusion:
[[324   2   2]
 [  2 321   2]
 [  4   2 349]]

2025-11-09 22:10:46,877 - ==> Best [Top1: 98.909   Sparsity:0.00   Params: 58800 on epoch: 14]
2025-11-09 22:10:46,877 - Saving checkpoint to: logs\2025.11.09-215718\qat_checkpoint.pth.tar
2025-11-09 22:10:46,882 - 

2025-11-09 22:10:46,882 - Training epoch: 9072 samples (256 per mini-batch)
2025-11-09 22:11:06,966 - Epoch: [16][   36/   36]    Overall Loss 0.008928    Objective Loss 0.008928    Top1 99.728261    LR 0.001000    Time 0.557884    
2025-11-09 22:11:07,611 - --- validate (epoch=16)-----------
2025-11-09 22:11:07,611 - 1008 samples (256 per mini-batch)
2025-11-09 22:11:21,612 - Epoch: [16][    4/    4]    Loss 0.056859    Top1 98.313492    
2025-11-09 22:11:22,496 - ==> Top1: 98.313    Loss: 0.057

2025-11-09 22:11:22,497 - ==> Confusion:
[[326   2   0]
 [  4 320   1]
 [  7   3 345]]

2025-11-09 22:11:22,562 - ==> Best [Top1: 98.909   Sparsity:0.00   Params: 58800 on epoch: 14]
2025-11-09 22:11:22,563 - Saving checkpoint to: logs\2025.11.09-215718\qat_checkpoint.pth.tar
2025-11-09 22:11:22,569 - 

2025-11-09 22:11:22,569 - Training epoch: 9072 samples (256 per mini-batch)
2025-11-09 22:11:42,321 - Epoch: [17][   36/   36]    Overall Loss 0.006247    Objective Loss 0.006247    Top1 100.000000    LR 0.001000    Time 0.548619    
2025-11-09 22:11:42,901 - --- validate (epoch=17)-----------
2025-11-09 22:11:42,901 - 1008 samples (256 per mini-batch)
2025-11-09 22:11:57,066 - Epoch: [17][    4/    4]    Loss 0.040976    Top1 98.908730    
2025-11-09 22:11:57,895 - ==> Top1: 98.909    Loss: 0.041

2025-11-09 22:11:57,896 - ==> Confusion:
[[323   2   3]
 [  1 323   1]
 [  3   1 351]]

2025-11-09 22:11:57,980 - ==> Best [Top1: 98.909   Sparsity:0.00   Params: 58800 on epoch: 17]
2025-11-09 22:11:57,981 - Saving checkpoint to: logs\2025.11.09-215718\qat_checkpoint.pth.tar
2025-11-09 22:11:58,024 - 

2025-11-09 22:11:58,024 - Training epoch: 9072 samples (256 per mini-batch)
2025-11-09 22:12:17,936 - Epoch: [18][   36/   36]    Overall Loss 0.004972    Objective Loss 0.004972    Top1 99.728261    LR 0.001000    Time 0.553095    
2025-11-09 22:12:18,586 - --- validate (epoch=18)-----------
2025-11-09 22:12:18,587 - 1008 samples (256 per mini-batch)
2025-11-09 22:12:33,208 - Epoch: [18][    4/    4]    Loss 0.048668    Top1 98.710317    
2025-11-09 22:12:34,287 - ==> Top1: 98.710    Loss: 0.049

2025-11-09 22:12:34,288 - ==> Confusion:
[[326   2   0]
 [  1 323   1]
 [  7   2 346]]

2025-11-09 22:12:34,354 - ==> Best [Top1: 98.909   Sparsity:0.00   Params: 58800 on epoch: 17]
2025-11-09 22:12:34,354 - Saving checkpoint to: logs\2025.11.09-215718\qat_checkpoint.pth.tar
2025-11-09 22:12:34,362 - 

2025-11-09 22:12:34,362 - Training epoch: 9072 samples (256 per mini-batch)
2025-11-09 22:12:54,985 - Epoch: [19][   36/   36]    Overall Loss 0.006135    Objective Loss 0.006135    Top1 99.184783    LR 0.001000    Time 0.572808    
2025-11-09 22:12:55,583 - --- validate (epoch=19)-----------
2025-11-09 22:12:55,583 - 1008 samples (256 per mini-batch)
2025-11-09 22:13:10,212 - Epoch: [19][    4/    4]    Loss 0.054239    Top1 98.313492    
2025-11-09 22:13:11,053 - ==> Top1: 98.313    Loss: 0.054

2025-11-09 22:13:11,053 - ==> Confusion:
[[325   3   0]
 [  3 321   1]
 [  5   5 345]]

2025-11-09 22:13:11,115 - ==> Best [Top1: 98.909   Sparsity:0.00   Params: 58800 on epoch: 17]
2025-11-09 22:13:11,116 - Saving checkpoint to: logs\2025.11.09-215718\qat_checkpoint.pth.tar
2025-11-09 22:13:11,122 - 

2025-11-09 22:13:11,122 - Training epoch: 9072 samples (256 per mini-batch)
2025-11-09 22:13:30,896 - Epoch: [20][   36/   36]    Overall Loss 0.004365    Objective Loss 0.004365    Top1 100.000000    LR 0.000600    Time 0.549253    
2025-11-09 22:13:31,543 - --- validate (epoch=20)-----------
2025-11-09 22:13:31,544 - 1008 samples (256 per mini-batch)
2025-11-09 22:13:45,559 - Epoch: [20][    4/    4]    Loss 0.040460    Top1 98.908730    
2025-11-09 22:13:46,359 - ==> Top1: 98.909    Loss: 0.040

2025-11-09 22:13:46,360 - ==> Confusion:
[[325   2   1]
 [  1 323   1]
 [  6   0 349]]

2025-11-09 22:13:46,422 - ==> Best [Top1: 98.909   Sparsity:0.00   Params: 58800 on epoch: 20]
2025-11-09 22:13:46,422 - Saving checkpoint to: logs\2025.11.09-215718\qat_checkpoint.pth.tar
2025-11-09 22:13:46,455 - 

2025-11-09 22:13:46,455 - Training epoch: 9072 samples (256 per mini-batch)
2025-11-09 22:14:07,625 - Epoch: [21][   36/   36]    Overall Loss 0.002812    Objective Loss 0.002812    Top1 100.000000    LR 0.000600    Time 0.587980    
2025-11-09 22:14:08,388 - --- validate (epoch=21)-----------
2025-11-09 22:14:08,388 - 1008 samples (256 per mini-batch)
2025-11-09 22:14:24,380 - Epoch: [21][    4/    4]    Loss 0.044261    Top1 99.007937    
2025-11-09 22:14:25,511 - ==> Top1: 99.008    Loss: 0.044

2025-11-09 22:14:25,512 - ==> Confusion:
[[326   2   0]
 [  3 321   1]
 [  4   0 351]]

2025-11-09 22:14:25,591 - ==> Best [Top1: 99.008   Sparsity:0.00   Params: 58800 on epoch: 21]
2025-11-09 22:14:25,592 - Saving checkpoint to: logs\2025.11.09-215718\qat_checkpoint.pth.tar
2025-11-09 22:14:25,624 - 

2025-11-09 22:14:25,624 - Training epoch: 9072 samples (256 per mini-batch)
2025-11-09 22:14:47,780 - Epoch: [22][   36/   36]    Overall Loss 0.002808    Objective Loss 0.002808    Top1 100.000000    LR 0.000600    Time 0.615394    
2025-11-09 22:14:48,524 - --- validate (epoch=22)-----------
2025-11-09 22:14:48,524 - 1008 samples (256 per mini-batch)
2025-11-09 22:15:04,757 - Epoch: [22][    4/    4]    Loss 0.038817    Top1 98.611111    
2025-11-09 22:15:05,721 - ==> Top1: 98.611    Loss: 0.039

2025-11-09 22:15:05,721 - ==> Confusion:
[[323   2   3]
 [  3 321   1]
 [  4   1 350]]

2025-11-09 22:15:05,789 - ==> Best [Top1: 99.008   Sparsity:0.00   Params: 58800 on epoch: 21]
2025-11-09 22:15:05,790 - Saving checkpoint to: logs\2025.11.09-215718\qat_checkpoint.pth.tar
2025-11-09 22:15:05,795 - 

2025-11-09 22:15:05,796 - Training epoch: 9072 samples (256 per mini-batch)
2025-11-09 22:15:27,545 - Epoch: [23][   36/   36]    Overall Loss 0.002429    Objective Loss 0.002429    Top1 100.000000    LR 0.000600    Time 0.604139    
2025-11-09 22:15:28,385 - --- validate (epoch=23)-----------
2025-11-09 22:15:28,385 - 1008 samples (256 per mini-batch)
2025-11-09 22:15:43,806 - Epoch: [23][    4/    4]    Loss 0.041434    Top1 98.710317    
2025-11-09 22:15:44,773 - ==> Top1: 98.710    Loss: 0.041

2025-11-09 22:15:44,774 - ==> Confusion:
[[326   2   0]
 [  3 321   1]
 [  6   1 348]]

2025-11-09 22:15:44,840 - ==> Best [Top1: 99.008   Sparsity:0.00   Params: 58800 on epoch: 21]
2025-11-09 22:15:44,841 - Saving checkpoint to: logs\2025.11.09-215718\qat_checkpoint.pth.tar
2025-11-09 22:15:44,848 - 

2025-11-09 22:15:44,848 - Training epoch: 9072 samples (256 per mini-batch)
2025-11-09 22:16:06,337 - Epoch: [24][   36/   36]    Overall Loss 0.002676    Objective Loss 0.002676    Top1 100.000000    LR 0.000600    Time 0.596874    
2025-11-09 22:16:07,126 - --- validate (epoch=24)-----------
2025-11-09 22:16:07,126 - 1008 samples (256 per mini-batch)
2025-11-09 22:16:23,137 - Epoch: [24][    4/    4]    Loss 0.041013    Top1 98.412698    
2025-11-09 22:16:24,117 - ==> Top1: 98.413    Loss: 0.041

2025-11-09 22:16:24,118 - ==> Confusion:
[[324   2   2]
 [  3 321   1]
 [  6   2 347]]

2025-11-09 22:16:24,188 - ==> Best [Top1: 99.008   Sparsity:0.00   Params: 58800 on epoch: 21]
2025-11-09 22:16:24,189 - Saving checkpoint to: logs\2025.11.09-215718\qat_checkpoint.pth.tar
2025-11-09 22:16:24,194 - 

2025-11-09 22:16:24,194 - Training epoch: 9072 samples (256 per mini-batch)
2025-11-09 22:16:45,715 - Epoch: [25][   36/   36]    Overall Loss 0.002021    Objective Loss 0.002021    Top1 99.728261    LR 0.000600    Time 0.597775    
2025-11-09 22:16:46,505 - --- validate (epoch=25)-----------
2025-11-09 22:16:46,506 - 1008 samples (256 per mini-batch)
2025-11-09 22:17:02,172 - Epoch: [25][    4/    4]    Loss 0.042352    Top1 98.809524    
2025-11-09 22:17:03,070 - ==> Top1: 98.810    Loss: 0.042

2025-11-09 22:17:03,071 - ==> Confusion:
[[325   2   1]
 [  2 322   1]
 [  4   2 349]]

2025-11-09 22:17:03,138 - ==> Best [Top1: 99.008   Sparsity:0.00   Params: 58800 on epoch: 21]
2025-11-09 22:17:03,138 - Saving checkpoint to: logs\2025.11.09-215718\qat_checkpoint.pth.tar
2025-11-09 22:17:03,143 - 

2025-11-09 22:17:03,143 - Training epoch: 9072 samples (256 per mini-batch)
2025-11-09 22:17:24,713 - Epoch: [26][   36/   36]    Overall Loss 0.001923    Objective Loss 0.001923    Top1 100.000000    LR 0.000600    Time 0.599092    
2025-11-09 22:17:25,496 - --- validate (epoch=26)-----------
2025-11-09 22:17:25,496 - 1008 samples (256 per mini-batch)
2025-11-09 22:17:41,721 - Epoch: [26][    4/    4]    Loss 0.042219    Top1 98.511905    
2025-11-09 22:17:42,605 - ==> Top1: 98.512    Loss: 0.042

2025-11-09 22:17:42,606 - ==> Confusion:
[[323   3   2]
 [  2 322   1]
 [  5   2 348]]

2025-11-09 22:17:42,677 - ==> Best [Top1: 99.008   Sparsity:0.00   Params: 58800 on epoch: 21]
2025-11-09 22:17:42,677 - Saving checkpoint to: logs\2025.11.09-215718\qat_checkpoint.pth.tar
2025-11-09 22:17:42,682 - 

2025-11-09 22:17:42,682 - Training epoch: 9072 samples (256 per mini-batch)
2025-11-09 22:18:04,285 - Epoch: [27][   36/   36]    Overall Loss 0.001902    Objective Loss 0.001902    Top1 99.728261    LR 0.000600    Time 0.600087    
2025-11-09 22:18:05,150 - --- validate (epoch=27)-----------
2025-11-09 22:18:05,150 - 1008 samples (256 per mini-batch)
2025-11-09 22:18:21,943 - Epoch: [27][    4/    4]    Loss 0.042290    Top1 99.007937    
2025-11-09 22:18:23,017 - ==> Top1: 99.008    Loss: 0.042

2025-11-09 22:18:23,017 - ==> Confusion:
[[324   2   2]
 [  1 323   1]
 [  3   1 351]]

2025-11-09 22:18:23,080 - ==> Best [Top1: 99.008   Sparsity:0.00   Params: 58800 on epoch: 27]
2025-11-09 22:18:23,080 - Saving checkpoint to: logs\2025.11.09-215718\qat_checkpoint.pth.tar
2025-11-09 22:18:23,111 - 

2025-11-09 22:18:23,111 - Training epoch: 9072 samples (256 per mini-batch)
2025-11-09 22:18:45,494 - Epoch: [28][   36/   36]    Overall Loss 0.003016    Objective Loss 0.003016    Top1 100.000000    LR 0.000600    Time 0.621675    
2025-11-09 22:18:46,249 - --- validate (epoch=28)-----------
2025-11-09 22:18:46,249 - 1008 samples (256 per mini-batch)
2025-11-09 22:19:01,859 - Epoch: [28][    4/    4]    Loss 0.051285    Top1 98.710317    
2025-11-09 22:19:02,918 - ==> Top1: 98.710    Loss: 0.051

2025-11-09 22:19:02,918 - ==> Confusion:
[[325   2   1]
 [  3 321   1]
 [  4   2 349]]

2025-11-09 22:19:02,986 - ==> Best [Top1: 99.008   Sparsity:0.00   Params: 58800 on epoch: 27]
2025-11-09 22:19:02,986 - Saving checkpoint to: logs\2025.11.09-215718\qat_checkpoint.pth.tar
2025-11-09 22:19:02,992 - 

2025-11-09 22:19:02,993 - Training epoch: 9072 samples (256 per mini-batch)
2025-11-09 22:19:24,741 - Epoch: [29][   36/   36]    Overall Loss 0.002553    Objective Loss 0.002553    Top1 100.000000    LR 0.000600    Time 0.604068    
2025-11-09 22:19:25,458 - --- validate (epoch=29)-----------
2025-11-09 22:19:25,458 - 1008 samples (256 per mini-batch)
2025-11-09 22:19:41,924 - Epoch: [29][    4/    4]    Loss 0.042092    Top1 98.809524    
2025-11-09 22:19:42,742 - ==> Top1: 98.810    Loss: 0.042

2025-11-09 22:19:42,742 - ==> Confusion:
[[322   3   3]
 [  1 323   1]
 [  3   1 351]]

2025-11-09 22:19:42,813 - ==> Best [Top1: 99.008   Sparsity:0.00   Params: 58800 on epoch: 27]
2025-11-09 22:19:42,813 - Saving checkpoint to: logs\2025.11.09-215718\qat_checkpoint.pth.tar
2025-11-09 22:19:42,820 - 

2025-11-09 22:19:42,820 - Training epoch: 9072 samples (256 per mini-batch)
2025-11-09 22:20:04,719 - Epoch: [30][   36/   36]    Overall Loss 0.002040    Objective Loss 0.002040    Top1 99.728261    LR 0.000600    Time 0.608262    
2025-11-09 22:20:05,499 - --- validate (epoch=30)-----------
2025-11-09 22:20:05,500 - 1008 samples (256 per mini-batch)
2025-11-09 22:20:21,480 - Epoch: [30][    4/    4]    Loss 0.043354    Top1 98.908730    
2025-11-09 22:20:22,481 - ==> Top1: 98.909    Loss: 0.043

2025-11-09 22:20:22,481 - ==> Confusion:
[[323   3   2]
 [  1 323   1]
 [  3   1 351]]

2025-11-09 22:20:22,544 - ==> Best [Top1: 99.008   Sparsity:0.00   Params: 58800 on epoch: 27]
2025-11-09 22:20:22,544 - Saving checkpoint to: logs\2025.11.09-215718\qat_checkpoint.pth.tar
2025-11-09 22:20:22,548 - 

2025-11-09 22:20:22,549 - Training epoch: 9072 samples (256 per mini-batch)
2025-11-09 22:20:44,424 - Epoch: [31][   36/   36]    Overall Loss 0.001886    Objective Loss 0.001886    Top1 100.000000    LR 0.000600    Time 0.607588    
2025-11-09 22:20:45,223 - --- validate (epoch=31)-----------
2025-11-09 22:20:45,223 - 1008 samples (256 per mini-batch)
2025-11-09 22:21:01,058 - Epoch: [31][    4/    4]    Loss 0.047828    Top1 98.809524    
2025-11-09 22:21:01,893 - ==> Top1: 98.810    Loss: 0.048

2025-11-09 22:21:01,894 - ==> Confusion:
[[325   3   0]
 [  1 323   1]
 [  5   2 348]]

2025-11-09 22:21:01,958 - ==> Best [Top1: 99.008   Sparsity:0.00   Params: 58800 on epoch: 27]
2025-11-09 22:21:01,958 - Saving checkpoint to: logs\2025.11.09-215718\qat_checkpoint.pth.tar
2025-11-09 22:21:01,963 - 

2025-11-09 22:21:01,963 - Training epoch: 9072 samples (256 per mini-batch)
2025-11-09 22:21:23,261 - Epoch: [32][   36/   36]    Overall Loss 0.001780    Objective Loss 0.001780    Top1 99.728261    LR 0.000600    Time 0.591511    
2025-11-09 22:21:24,065 - --- validate (epoch=32)-----------
2025-11-09 22:21:24,065 - 1008 samples (256 per mini-batch)
2025-11-09 22:21:39,729 - Epoch: [32][    4/    4]    Loss 0.041431    Top1 99.007937    
2025-11-09 22:21:40,780 - ==> Top1: 99.008    Loss: 0.041

2025-11-09 22:21:40,780 - ==> Confusion:
[[324   2   2]
 [  1 323   1]
 [  3   1 351]]

2025-11-09 22:21:40,855 - ==> Best [Top1: 99.008   Sparsity:0.00   Params: 58800 on epoch: 32]
2025-11-09 22:21:40,856 - Saving checkpoint to: logs\2025.11.09-215718\qat_checkpoint.pth.tar
2025-11-09 22:21:40,891 - 

2025-11-09 22:21:40,891 - Training epoch: 9072 samples (256 per mini-batch)
2025-11-09 22:22:01,825 - Epoch: [33][   36/   36]    Overall Loss 0.001850    Objective Loss 0.001850    Top1 100.000000    LR 0.000600    Time 0.581433    
2025-11-09 22:22:02,550 - --- validate (epoch=33)-----------
2025-11-09 22:22:02,550 - 1008 samples (256 per mini-batch)
2025-11-09 22:22:18,637 - Epoch: [33][    4/    4]    Loss 0.043299    Top1 99.007937    
2025-11-09 22:22:19,541 - ==> Top1: 99.008    Loss: 0.043

2025-11-09 22:22:19,541 - ==> Confusion:
[[324   2   2]
 [  1 323   1]
 [  3   1 351]]

2025-11-09 22:22:19,614 - ==> Best [Top1: 99.008   Sparsity:0.00   Params: 58800 on epoch: 33]
2025-11-09 22:22:19,615 - Saving checkpoint to: logs\2025.11.09-215718\qat_checkpoint.pth.tar
2025-11-09 22:22:19,649 - 

2025-11-09 22:22:19,649 - Training epoch: 9072 samples (256 per mini-batch)
2025-11-09 22:22:41,883 - Epoch: [34][   36/   36]    Overall Loss 0.001654    Objective Loss 0.001654    Top1 100.000000    LR 0.000600    Time 0.617597    
2025-11-09 22:22:42,536 - --- validate (epoch=34)-----------
2025-11-09 22:22:42,536 - 1008 samples (256 per mini-batch)
2025-11-09 22:22:58,006 - Epoch: [34][    4/    4]    Loss 0.045640    Top1 98.908730    
2025-11-09 22:22:58,924 - ==> Top1: 98.909    Loss: 0.046

2025-11-09 22:22:58,924 - ==> Confusion:
[[325   2   1]
 [  1 323   1]
 [  5   1 349]]

2025-11-09 22:22:58,995 - ==> Best [Top1: 99.008   Sparsity:0.00   Params: 58800 on epoch: 33]
2025-11-09 22:22:58,995 - Saving checkpoint to: logs\2025.11.09-215718\qat_checkpoint.pth.tar
2025-11-09 22:22:59,000 - 

2025-11-09 22:22:59,001 - Training epoch: 9072 samples (256 per mini-batch)
2025-11-09 22:23:20,833 - Epoch: [35][   36/   36]    Overall Loss 0.001657    Objective Loss 0.001657    Top1 99.728261    LR 0.000600    Time 0.606446    
2025-11-09 22:23:21,641 - --- validate (epoch=35)-----------
2025-11-09 22:23:21,641 - 1008 samples (256 per mini-batch)
2025-11-09 22:23:37,532 - Epoch: [35][    4/    4]    Loss 0.043080    Top1 98.611111    
2025-11-09 22:23:38,568 - ==> Top1: 98.611    Loss: 0.043

2025-11-09 22:23:38,569 - ==> Confusion:
[[323   3   2]
 [  1 323   1]
 [  5   2 348]]

2025-11-09 22:23:38,645 - ==> Best [Top1: 99.008   Sparsity:0.00   Params: 58800 on epoch: 33]
2025-11-09 22:23:38,646 - Saving checkpoint to: logs\2025.11.09-215718\qat_checkpoint.pth.tar
2025-11-09 22:23:38,650 - 

2025-11-09 22:23:38,650 - Training epoch: 9072 samples (256 per mini-batch)
2025-11-09 22:24:00,611 - Epoch: [36][   36/   36]    Overall Loss 0.001902    Objective Loss 0.001902    Top1 100.000000    LR 0.000600    Time 0.609971    
2025-11-09 22:24:01,377 - --- validate (epoch=36)-----------
2025-11-09 22:24:01,377 - 1008 samples (256 per mini-batch)
2025-11-09 22:24:17,366 - Epoch: [36][    4/    4]    Loss 0.052858    Top1 98.511905    
2025-11-09 22:24:18,253 - ==> Top1: 98.512    Loss: 0.053

2025-11-09 22:24:18,254 - ==> Confusion:
[[325   3   0]
 [  2 322   1]
 [  6   3 346]]

2025-11-09 22:24:18,326 - ==> Best [Top1: 99.008   Sparsity:0.00   Params: 58800 on epoch: 33]
2025-11-09 22:24:18,326 - Saving checkpoint to: logs\2025.11.09-215718\qat_checkpoint.pth.tar
2025-11-09 22:24:18,331 - 

2025-11-09 22:24:18,332 - Training epoch: 9072 samples (256 per mini-batch)
2025-11-09 22:24:40,194 - Epoch: [37][   36/   36]    Overall Loss 0.002077    Objective Loss 0.002077    Top1 100.000000    LR 0.000600    Time 0.607270    
2025-11-09 22:24:40,909 - --- validate (epoch=37)-----------
2025-11-09 22:24:40,909 - 1008 samples (256 per mini-batch)
2025-11-09 22:24:56,377 - Epoch: [37][    4/    4]    Loss 0.042146    Top1 99.007937    
2025-11-09 22:24:57,226 - ==> Top1: 99.008    Loss: 0.042

2025-11-09 22:24:57,226 - ==> Confusion:
[[323   3   2]
 [  1 323   1]
 [  3   0 352]]

2025-11-09 22:24:57,294 - ==> Best [Top1: 99.008   Sparsity:0.00   Params: 58800 on epoch: 37]
2025-11-09 22:24:57,295 - Saving checkpoint to: logs\2025.11.09-215718\qat_checkpoint.pth.tar
2025-11-09 22:24:57,327 - 

2025-11-09 22:24:57,327 - Training epoch: 9072 samples (256 per mini-batch)
2025-11-09 22:25:19,003 - Epoch: [38][   36/   36]    Overall Loss 0.001787    Objective Loss 0.001787    Top1 100.000000    LR 0.000600    Time 0.602096    
2025-11-09 22:25:19,661 - --- validate (epoch=38)-----------
2025-11-09 22:25:19,661 - 1008 samples (256 per mini-batch)
2025-11-09 22:25:35,780 - Epoch: [38][    4/    4]    Loss 0.043946    Top1 98.412698    
2025-11-09 22:25:36,688 - ==> Top1: 98.413    Loss: 0.044

2025-11-09 22:25:36,689 - ==> Confusion:
[[322   4   2]
 [  2 322   1]
 [  5   2 348]]

2025-11-09 22:25:36,786 - ==> Best [Top1: 99.008   Sparsity:0.00   Params: 58800 on epoch: 37]
2025-11-09 22:25:36,787 - Saving checkpoint to: logs\2025.11.09-215718\qat_checkpoint.pth.tar
2025-11-09 22:25:36,792 - 

2025-11-09 22:25:36,793 - Training epoch: 9072 samples (256 per mini-batch)
2025-11-09 22:25:58,118 - Epoch: [39][   36/   36]    Overall Loss 0.001507    Objective Loss 0.001507    Top1 100.000000    LR 0.000600    Time 0.592332    
2025-11-09 22:25:58,928 - --- validate (epoch=39)-----------
2025-11-09 22:25:58,929 - 1008 samples (256 per mini-batch)
2025-11-09 22:26:15,188 - Epoch: [39][    4/    4]    Loss 0.044393    Top1 98.908730    
2025-11-09 22:26:16,040 - ==> Top1: 98.909    Loss: 0.044

2025-11-09 22:26:16,040 - ==> Confusion:
[[323   4   1]
 [  1 323   1]
 [  3   1 351]]

2025-11-09 22:26:16,113 - ==> Best [Top1: 99.008   Sparsity:0.00   Params: 58800 on epoch: 37]
2025-11-09 22:26:16,114 - Saving checkpoint to: logs\2025.11.09-215718\qat_checkpoint.pth.tar
2025-11-09 22:26:16,118 - 

2025-11-09 22:26:16,118 - Training epoch: 9072 samples (256 per mini-batch)
2025-11-09 22:26:38,110 - Epoch: [40][   36/   36]    Overall Loss 0.001531    Objective Loss 0.001531    Top1 99.728261    LR 0.000600    Time 0.610842    
2025-11-09 22:26:38,919 - --- validate (epoch=40)-----------
2025-11-09 22:26:38,919 - 1008 samples (256 per mini-batch)
2025-11-09 22:26:54,734 - Epoch: [40][    4/    4]    Loss 0.042353    Top1 98.908730    
2025-11-09 22:26:55,555 - ==> Top1: 98.909    Loss: 0.042

2025-11-09 22:26:55,555 - ==> Confusion:
[[322   4   2]
 [  1 323   1]
 [  3   0 352]]

2025-11-09 22:26:55,624 - ==> Best [Top1: 99.008   Sparsity:0.00   Params: 58800 on epoch: 37]
2025-11-09 22:26:55,625 - Saving checkpoint to: logs\2025.11.09-215718\qat_checkpoint.pth.tar
2025-11-09 22:26:55,629 - 

2025-11-09 22:26:55,630 - Training epoch: 9072 samples (256 per mini-batch)
2025-11-09 22:27:17,543 - Epoch: [41][   36/   36]    Overall Loss 0.001735    Objective Loss 0.001735    Top1 99.728261    LR 0.000600    Time 0.608652    
2025-11-09 22:27:18,161 - --- validate (epoch=41)-----------
2025-11-09 22:27:18,161 - 1008 samples (256 per mini-batch)
2025-11-09 22:27:34,110 - Epoch: [41][    4/    4]    Loss 0.048714    Top1 98.710317    
2025-11-09 22:27:35,159 - ==> Top1: 98.710    Loss: 0.049

2025-11-09 22:27:35,160 - ==> Confusion:
[[323   4   1]
 [  2 322   1]
 [  3   2 350]]

2025-11-09 22:27:35,270 - ==> Best [Top1: 99.008   Sparsity:0.00   Params: 58800 on epoch: 37]
2025-11-09 22:27:35,270 - Saving checkpoint to: logs\2025.11.09-215718\qat_checkpoint.pth.tar
2025-11-09 22:27:35,277 - 

2025-11-09 22:27:35,277 - Training epoch: 9072 samples (256 per mini-batch)
2025-11-09 22:27:57,741 - Epoch: [42][   36/   36]    Overall Loss 0.002093    Objective Loss 0.002093    Top1 100.000000    LR 0.000600    Time 0.623936    
2025-11-09 22:27:58,580 - --- validate (epoch=42)-----------
2025-11-09 22:27:58,581 - 1008 samples (256 per mini-batch)
2025-11-09 22:28:15,617 - Epoch: [42][    4/    4]    Loss 0.044382    Top1 98.511905    
2025-11-09 22:28:16,537 - ==> Top1: 98.512    Loss: 0.044

2025-11-09 22:28:16,537 - ==> Confusion:
[[321   3   4]
 [  1 323   1]
 [  4   2 349]]

2025-11-09 22:28:16,620 - ==> Best [Top1: 99.008   Sparsity:0.00   Params: 58800 on epoch: 37]
2025-11-09 22:28:16,620 - Saving checkpoint to: logs\2025.11.09-215718\qat_checkpoint.pth.tar
2025-11-09 22:28:16,628 - 

2025-11-09 22:28:16,629 - Training epoch: 9072 samples (256 per mini-batch)
2025-11-09 22:28:39,062 - Epoch: [43][   36/   36]    Overall Loss 0.002043    Objective Loss 0.002043    Top1 100.000000    LR 0.000600    Time 0.623059    
2025-11-09 22:28:39,751 - --- validate (epoch=43)-----------
2025-11-09 22:28:39,752 - 1008 samples (256 per mini-batch)
2025-11-09 22:28:55,851 - Epoch: [43][    4/    4]    Loss 0.056397    Top1 98.611111    
2025-11-09 22:28:56,867 - ==> Top1: 98.611    Loss: 0.056

2025-11-09 22:28:56,867 - ==> Confusion:
[[326   2   0]
 [  3 321   1]
 [  7   1 347]]

2025-11-09 22:28:56,962 - ==> Best [Top1: 99.008   Sparsity:0.00   Params: 58800 on epoch: 37]
2025-11-09 22:28:56,963 - Saving checkpoint to: logs\2025.11.09-215718\qat_checkpoint.pth.tar
2025-11-09 22:28:56,969 - 

2025-11-09 22:28:56,969 - Training epoch: 9072 samples (256 per mini-batch)
2025-11-09 22:29:18,531 - Epoch: [44][   36/   36]    Overall Loss 0.002873    Objective Loss 0.002873    Top1 99.728261    LR 0.000600    Time 0.598875    
2025-11-09 22:29:19,407 - --- validate (epoch=44)-----------
2025-11-09 22:29:19,407 - 1008 samples (256 per mini-batch)
2025-11-09 22:29:34,848 - Epoch: [44][    4/    4]    Loss 0.044607    Top1 99.007937    
2025-11-09 22:29:35,940 - ==> Top1: 99.008    Loss: 0.045

2025-11-09 22:29:35,941 - ==> Confusion:
[[322   4   2]
 [  0 324   1]
 [  3   0 352]]

2025-11-09 22:29:36,008 - ==> Best [Top1: 99.008   Sparsity:0.00   Params: 58800 on epoch: 44]
2025-11-09 22:29:36,008 - Saving checkpoint to: logs\2025.11.09-215718\qat_checkpoint.pth.tar
2025-11-09 22:29:36,046 - 

2025-11-09 22:29:36,046 - Training epoch: 9072 samples (256 per mini-batch)
2025-11-09 22:29:58,252 - Epoch: [45][   36/   36]    Overall Loss 0.001584    Objective Loss 0.001584    Top1 100.000000    LR 0.000600    Time 0.616762    
2025-11-09 22:29:58,970 - --- validate (epoch=45)-----------
2025-11-09 22:29:58,970 - 1008 samples (256 per mini-batch)
2025-11-09 22:30:17,088 - Epoch: [45][    4/    4]    Loss 0.040011    Top1 98.908730    
2025-11-09 22:30:18,090 - ==> Top1: 98.909    Loss: 0.040

2025-11-09 22:30:18,090 - ==> Confusion:
[[322   3   3]
 [  0 324   1]
 [  4   0 351]]

2025-11-09 22:30:18,165 - ==> Best [Top1: 99.008   Sparsity:0.00   Params: 58800 on epoch: 44]
2025-11-09 22:30:18,166 - Saving checkpoint to: logs\2025.11.09-215718\qat_checkpoint.pth.tar
2025-11-09 22:30:18,172 - 

2025-11-09 22:30:18,172 - Training epoch: 9072 samples (256 per mini-batch)
2025-11-09 22:30:40,250 - Epoch: [46][   36/   36]    Overall Loss 0.001536    Objective Loss 0.001536    Top1 100.000000    LR 0.000600    Time 0.613247    
2025-11-09 22:30:40,993 - --- validate (epoch=46)-----------
2025-11-09 22:30:40,993 - 1008 samples (256 per mini-batch)
2025-11-09 22:30:57,248 - Epoch: [46][    4/    4]    Loss 0.038716    Top1 98.908730    
2025-11-09 22:30:58,143 - ==> Top1: 98.909    Loss: 0.039

2025-11-09 22:30:58,144 - ==> Confusion:
[[321   4   3]
 [  0 324   1]
 [  3   0 352]]

2025-11-09 22:30:58,247 - ==> Best [Top1: 99.008   Sparsity:0.00   Params: 58800 on epoch: 44]
2025-11-09 22:30:58,248 - Saving checkpoint to: logs\2025.11.09-215718\qat_checkpoint.pth.tar
2025-11-09 22:30:58,254 - 

2025-11-09 22:30:58,254 - Training epoch: 9072 samples (256 per mini-batch)
2025-11-09 22:31:21,120 - Epoch: [47][   36/   36]    Overall Loss 0.001431    Objective Loss 0.001431    Top1 100.000000    LR 0.000600    Time 0.635135    
2025-11-09 22:31:21,881 - --- validate (epoch=47)-----------
2025-11-09 22:31:21,882 - 1008 samples (256 per mini-batch)
2025-11-09 22:31:40,600 - Epoch: [47][    4/    4]    Loss 0.047299    Top1 98.313492    
2025-11-09 22:31:41,605 - ==> Top1: 98.313    Loss: 0.047

2025-11-09 22:31:41,606 - ==> Confusion:
[[324   4   0]
 [  1 323   1]
 [  7   4 344]]

2025-11-09 22:31:41,684 - ==> Best [Top1: 99.008   Sparsity:0.00   Params: 58800 on epoch: 44]
2025-11-09 22:31:41,684 - Saving checkpoint to: logs\2025.11.09-215718\qat_checkpoint.pth.tar
2025-11-09 22:31:41,690 - 

2025-11-09 22:31:41,690 - Training epoch: 9072 samples (256 per mini-batch)
2025-11-09 22:32:09,109 - Epoch: [48][   36/   36]    Overall Loss 0.001626    Objective Loss 0.001626    Top1 100.000000    LR 0.000600    Time 0.761588    
2025-11-09 22:32:09,905 - --- validate (epoch=48)-----------
2025-11-09 22:32:09,906 - 1008 samples (256 per mini-batch)
2025-11-09 22:32:30,266 - Epoch: [48][    4/    4]    Loss 0.039749    Top1 98.908730    
2025-11-09 22:32:31,223 - ==> Top1: 98.909    Loss: 0.040

2025-11-09 22:32:31,224 - ==> Confusion:
[[324   2   2]
 [  1 323   1]
 [  5   0 350]]

2025-11-09 22:32:31,298 - ==> Best [Top1: 99.008   Sparsity:0.00   Params: 58800 on epoch: 44]
2025-11-09 22:32:31,298 - Saving checkpoint to: logs\2025.11.09-215718\qat_checkpoint.pth.tar
2025-11-09 22:32:31,304 - 

2025-11-09 22:32:31,304 - Training epoch: 9072 samples (256 per mini-batch)
2025-11-09 22:32:55,025 - Epoch: [49][   36/   36]    Overall Loss 0.001356    Objective Loss 0.001356    Top1 100.000000    LR 0.000600    Time 0.658867    
2025-11-09 22:32:55,768 - --- validate (epoch=49)-----------
2025-11-09 22:32:55,769 - 1008 samples (256 per mini-batch)
2025-11-09 22:33:15,226 - Epoch: [49][    4/    4]    Loss 0.040728    Top1 99.107143    
2025-11-09 22:33:16,154 - ==> Top1: 99.107    Loss: 0.041

2025-11-09 22:33:16,154 - ==> Confusion:
[[323   3   2]
 [  0 324   1]
 [  3   0 352]]

2025-11-09 22:33:16,234 - ==> Best [Top1: 99.107   Sparsity:0.00   Params: 58800 on epoch: 49]
2025-11-09 22:33:16,235 - Saving checkpoint to: logs\2025.11.09-215718\qat_checkpoint.pth.tar
2025-11-09 22:33:16,269 - --- test ---------------------
2025-11-09 22:33:16,269 - 372 samples (256 per mini-batch)
2025-11-09 22:33:38,778 - Test: [    2/    2]    Loss 0.310091    Top1 94.892473    
2025-11-09 22:33:39,387 - ==> Top1: 94.892    Loss: 0.310

2025-11-09 22:33:39,387 - ==> Confusion:
[[105  12   7]
 [  0 124   0]
 [  0   0 124]]

2025-11-09 22:33:39,389 - 
2025-11-09 22:33:39,390 - Log file for this run: C:\Users\Harold\Max78000\ai8x-training\logs\2025.11.09-215718\2025.11.09-215718.log
